2025-07-05 23:48:25,436 - INFO - 日志文件创建: logs/training_optimized_20250705_234825.log
2025-07-05 23:48:25,436 - INFO - 🚀 开始Flappy Bird AI优化版网络训练
2025-07-05 23:48:25,436 - INFO - ============================================================
2025-07-05 23:48:25,436 - INFO - 使用设备: cuda
2025-07-05 23:48:25,437 - INFO - GPU名称: NVIDIA GeForce RTX 3050 Laptop GPU
2025-07-05 23:48:25,437 - INFO - GPU内存: 4.0 GB
2025-07-05 23:48:25,437 - INFO - 当前GPU内存使用: 0.0 MB
2025-07-05 23:48:25,437 - INFO - ⚡ 优化版网络配置参数:
2025-07-05 23:48:25,439 - INFO -    - FRAME_PER_ACTION: 5
2025-07-05 23:48:25,439 - INFO -    - OBSERVE: 1500
2025-07-05 23:48:25,439 - INFO -    - EXPLORE: 20000
2025-07-05 23:48:25,439 - INFO -    - BATCH: 64
2025-07-05 23:48:25,439 - INFO -    - 网络架构: 优化版 (自适应池化 + 残差连接 + Double DQN)
2025-07-05 23:48:25,440 - INFO -    - 优化器: AdamW + 余弦退火学习率
2025-07-05 23:48:25,440 - INFO -    - 损失函数: Huber Loss
2025-07-05 23:48:25,440 - INFO -    - 预期速度: ~40步/秒
2025-07-05 23:48:25,440 - INFO -    - 预期时间: ~12分钟
2025-07-05 23:48:26,853 - INFO - Q网络设备: cuda:0
2025-07-05 23:48:26,853 - INFO - 目标网络设备: cuda:0
2025-07-05 23:48:26,858 - WARNING - 未找到预训练模型
2025-07-05 23:48:26,859 - INFO - 👀 观察阶段随机动作: 0 (ε=1.0)
