2025-07-06 00:07:07,069 - INFO - 日志文件创建: logs/training_optimized_20250706_000707.log
2025-07-06 00:07:07,070 - INFO - 🚀 开始Flappy Bird AI优化版网络训练
2025-07-06 00:07:07,070 - INFO - ============================================================
2025-07-06 00:07:07,070 - INFO - 使用设备: cuda
2025-07-06 00:07:07,071 - INFO - GPU名称: NVIDIA GeForce RTX 3050 Laptop GPU
2025-07-06 00:07:07,071 - INFO - GPU内存: 4.0 GB
2025-07-06 00:07:07,071 - INFO - 当前GPU内存使用: 0.0 MB
2025-07-06 00:07:07,071 - INFO - ⚡ 优化版网络配置参数:
2025-07-06 00:07:07,073 - INFO -    - FRAME_PER_ACTION: 1
2025-07-06 00:07:07,073 - INFO -    - OBSERVE: 10
2025-07-06 00:07:07,073 - INFO -    - EXPLORE: 20000
2025-07-06 00:07:07,073 - INFO -    - BATCH: 64
2025-07-06 00:07:07,073 - INFO -    - 网络架构: 优化版 (自适应池化 + 残差连接 + Double DQN)
2025-07-06 00:07:07,073 - INFO -    - 优化器: AdamW + 余弦退火学习率
2025-07-06 00:07:07,073 - INFO -    - 损失函数: Huber Loss
2025-07-06 00:07:07,073 - INFO -    - 预期速度: ~40步/秒
2025-07-06 00:07:07,073 - INFO -    - 预期时间: ~12分钟
2025-07-06 00:07:08,114 - INFO - Q网络设备: cuda:0
2025-07-06 00:07:08,114 - INFO - 目标网络设备: cuda:0
2025-07-06 00:07:08,117 - WARNING - 未找到预训练模型
2025-07-06 00:07:08,118 - INFO - 👀 观察阶段随机动作: 0 (ε=1.0)
2025-07-06 00:07:32,249 - INFO - ⏱️  TIMESTEP 100 / FRAME 100 / STATE explore / EPSILON 0.9955 / ACTION 1 / REWARD 0.1 / Q_MAX 9.0117 / LR 2.00e-04
2025-07-06 00:07:32,250 - INFO - 📉 LOSS: 4.278830
2025-07-06 00:07:32,251 - INFO - 🎲 探索阶段随机动作: 0 (ε=0.9955)
