2025-07-06 00:50:00,677 - INFO - 日志文件创建: logs/training_optimized_20250706_005000.log
2025-07-06 00:50:00,677 - INFO - 🚀 开始Flappy Bird AI优化版网络训练
2025-07-06 00:50:00,678 - INFO - ============================================================
2025-07-06 00:50:00,678 - INFO - 使用设备: cuda
2025-07-06 00:50:00,678 - INFO - GPU名称: NVIDIA GeForce RTX 3050 Laptop GPU
2025-07-06 00:50:00,678 - INFO - GPU内存: 4.0 GB
2025-07-06 00:50:00,679 - INFO - 当前GPU内存使用: 0.0 MB
2025-07-06 00:50:00,679 - INFO - ⚡ 优化版网络配置参数:
2025-07-06 00:50:00,680 - INFO -    - FRAME_PER_ACTION: 2
2025-07-06 00:50:00,680 - INFO -    - OBSERVE: 2000
2025-07-06 00:50:00,680 - INFO -    - EXPLORE: 20000
2025-07-06 00:50:00,680 - INFO -    - BATCH: 64
2025-07-06 00:50:00,680 - INFO -    - 网络架构: 优化版 (自适应池化 + 残差连接 + Double DQN)
2025-07-06 00:50:00,680 - INFO -    - 优化器: AdamW + 余弦退火学习率
2025-07-06 00:50:00,680 - INFO -    - 损失函数: Huber Loss
2025-07-06 00:50:00,681 - INFO -    - 预期速度: ~40步/秒
2025-07-06 00:50:00,681 - INFO -    - 预期时间: ~12分钟
2025-07-06 00:50:02,572 - INFO - Q网络设备: cuda:0
2025-07-06 00:50:02,572 - INFO - 目标网络设备: cuda:0
2025-07-06 00:50:02,575 - WARNING - 未找到预训练模型
2025-07-06 00:50:02,576 - INFO - 👀 观察阶段随机动作: 1 (ε=1.0)
2025-07-06 00:50:09,314 - INFO - ⏱️  TIMESTEP 100 / FRAME 200 / STATE observe / EPSILON 1.0000 / ACTION 1 / REWARD 0.1 / Q_MAX 0.0000 / LR 2.00e-04
2025-07-06 00:50:09,316 - INFO - 👀 观察阶段随机动作: 1 (ε=1.0)
2025-07-06 00:50:16,047 - INFO - ⏱️  TIMESTEP 200 / FRAME 400 / STATE observe / EPSILON 1.0000 / ACTION 1 / REWARD -1 / Q_MAX 0.0000 / LR 2.00e-04
2025-07-06 00:50:16,050 - INFO - 👀 观察阶段随机动作: 0 (ε=1.0)
2025-07-06 00:50:22,778 - INFO - ⏱️  TIMESTEP 300 / FRAME 600 / STATE observe / EPSILON 1.0000 / ACTION 1 / REWARD -1 / Q_MAX 0.0000 / LR 2.00e-04
2025-07-06 00:50:22,779 - INFO - 👀 观察阶段随机动作: 1 (ε=1.0)
2025-07-06 00:50:29,505 - INFO - ⏱️  TIMESTEP 400 / FRAME 800 / STATE observe / EPSILON 1.0000 / ACTION 0 / REWARD -1 / Q_MAX 0.0000 / LR 2.00e-04
2025-07-06 00:50:29,507 - INFO - 👀 观察阶段随机动作: 0 (ε=1.0)
2025-07-06 00:50:36,232 - INFO - ⏱️  TIMESTEP 500 / FRAME 1000 / STATE observe / EPSILON 1.0000 / ACTION 1 / REWARD 0.1 / Q_MAX 0.0000 / LR 2.00e-04
2025-07-06 00:50:36,234 - INFO - 👀 观察阶段随机动作: 0 (ε=1.0)
