2025-07-06 00:52:50,851 - INFO - 日志文件创建: logs/training_optimized_20250706_005250.log
2025-07-06 00:52:50,852 - INFO - 🚀 开始Flappy Bird AI优化版网络训练
2025-07-06 00:52:50,852 - INFO - ============================================================
2025-07-06 00:52:50,852 - INFO - 使用设备: cuda
2025-07-06 00:52:50,852 - INFO - GPU名称: NVIDIA GeForce RTX 3050 Laptop GPU
2025-07-06 00:52:50,853 - INFO - GPU内存: 4.0 GB
2025-07-06 00:52:50,853 - INFO - 当前GPU内存使用: 0.0 MB
2025-07-06 00:52:50,853 - INFO - ⚡ 优化版网络配置参数:
2025-07-06 00:52:50,854 - INFO -    - FRAME_PER_ACTION: 2
2025-07-06 00:52:50,854 - INFO -    - OBSERVE: 2000
2025-07-06 00:52:50,855 - INFO -    - EXPLORE: 20000
2025-07-06 00:52:50,855 - INFO -    - BATCH: 64
2025-07-06 00:52:50,855 - INFO -    - 网络架构: 优化版 (自适应池化 + 残差连接 + Double DQN)
2025-07-06 00:52:50,855 - INFO -    - 优化器: AdamW + 余弦退火学习率
2025-07-06 00:52:50,855 - INFO -    - 损失函数: Huber Loss
2025-07-06 00:52:50,855 - INFO -    - 预期速度: ~40步/秒
2025-07-06 00:52:50,855 - INFO -    - 预期时间: ~12分钟
2025-07-06 00:52:51,852 - INFO - Q网络设备: cuda:0
2025-07-06 00:52:51,853 - INFO - 目标网络设备: cuda:0
2025-07-06 00:52:51,857 - WARNING - 未找到预训练模型
2025-07-06 00:52:51,857 - INFO - 👀 观察阶段随机动作: 0 (ε=1.0)
2025-07-06 00:52:53,153 - INFO - ⏱️  TIMESTEP 100 / FRAME 200 / STATE observe / EPSILON 1.0000 / ACTION 0 / REWARD 0.1 / Q_MAX 0.0000 / LR 2.00e-04
2025-07-06 00:52:53,154 - INFO - 👀 观察阶段随机动作: 0 (ε=1.0)
2025-07-06 00:52:54,440 - INFO - ⏱️  TIMESTEP 200 / FRAME 400 / STATE observe / EPSILON 1.0000 / ACTION 0 / REWARD 0.1 / Q_MAX 0.0000 / LR 2.00e-04
2025-07-06 00:52:54,440 - INFO - 👀 观察阶段随机动作: 1 (ε=1.0)
2025-07-06 00:52:55,744 - INFO - ⏱️  TIMESTEP 300 / FRAME 600 / STATE observe / EPSILON 1.0000 / ACTION 0 / REWARD 0.1 / Q_MAX 0.0000 / LR 2.00e-04
2025-07-06 00:52:55,745 - INFO - 👀 观察阶段随机动作: 0 (ε=1.0)
2025-07-06 00:52:57,035 - INFO - ⏱️  TIMESTEP 400 / FRAME 800 / STATE observe / EPSILON 1.0000 / ACTION 1 / REWARD 0.1 / Q_MAX 0.0000 / LR 2.00e-04
2025-07-06 00:52:57,036 - INFO - 👀 观察阶段随机动作: 1 (ε=1.0)
2025-07-06 00:52:58,337 - INFO - ⏱️  TIMESTEP 500 / FRAME 1000 / STATE observe / EPSILON 1.0000 / ACTION 1 / REWARD 0.1 / Q_MAX 0.0000 / LR 2.00e-04
2025-07-06 00:52:58,338 - INFO - 👀 观察阶段随机动作: 1 (ε=1.0)
2025-07-06 00:52:59,639 - INFO - ⏱️  TIMESTEP 600 / FRAME 1200 / STATE observe / EPSILON 1.0000 / ACTION 1 / REWARD 0.1 / Q_MAX 0.0000 / LR 2.00e-04
2025-07-06 00:52:59,640 - INFO - 👀 观察阶段随机动作: 1 (ε=1.0)
2025-07-06 00:53:00,929 - INFO - ⏱️  TIMESTEP 700 / FRAME 1400 / STATE observe / EPSILON 1.0000 / ACTION 1 / REWARD 0.1 / Q_MAX 0.0000 / LR 2.00e-04
2025-07-06 00:53:00,930 - INFO - 👀 观察阶段随机动作: 0 (ε=1.0)
2025-07-06 00:53:02,222 - INFO - ⏱️  TIMESTEP 800 / FRAME 1600 / STATE observe / EPSILON 1.0000 / ACTION 0 / REWARD 0.1 / Q_MAX 0.0000 / LR 2.00e-04
2025-07-06 00:53:02,224 - INFO - 👀 观察阶段随机动作: 1 (ε=1.0)
2025-07-06 00:53:03,529 - INFO - ⏱️  TIMESTEP 900 / FRAME 1800 / STATE observe / EPSILON 1.0000 / ACTION 0 / REWARD 0.1 / Q_MAX 0.0000 / LR 2.00e-04
2025-07-06 00:53:03,530 - INFO - 👀 观察阶段随机动作: 1 (ε=1.0)
2025-07-06 00:53:04,817 - INFO - ⏱️  TIMESTEP 1000 / FRAME 2000 / STATE observe / EPSILON 1.0000 / ACTION 0 / REWARD 0.1 / Q_MAX 0.0000 / LR 2.00e-04
2025-07-06 00:53:04,817 - INFO - 📊 统计: 经验池大小=462, 探索率=1.0000, 平均损失=0.000000
2025-07-06 00:53:04,817 - INFO - 🖥️  GPU内存: 8.4 MB / 22.0 MB / 4.0 GB
2025-07-06 00:53:04,818 - INFO - --------------------------------------------------
2025-07-06 00:53:04,819 - INFO - 👀 观察阶段随机动作: 1 (ε=1.0)
2025-07-06 00:53:06,135 - INFO - ⏱️  TIMESTEP 1100 / FRAME 2200 / STATE observe / EPSILON 1.0000 / ACTION 0 / REWARD 0.1 / Q_MAX 0.0000 / LR 2.00e-04
2025-07-06 00:53:06,136 - INFO - 👀 观察阶段随机动作: 0 (ε=1.0)
2025-07-06 00:53:07,436 - INFO - ⏱️  TIMESTEP 1200 / FRAME 2400 / STATE observe / EPSILON 1.0000 / ACTION 0 / REWARD 0.1 / Q_MAX 0.0000 / LR 2.00e-04
2025-07-06 00:53:07,438 - INFO - 👀 观察阶段随机动作: 0 (ε=1.0)
2025-07-06 00:53:08,725 - INFO - ⏱️  TIMESTEP 1300 / FRAME 2600 / STATE observe / EPSILON 1.0000 / ACTION 0 / REWARD 0.1 / Q_MAX 0.0000 / LR 2.00e-04
2025-07-06 00:53:08,726 - INFO - 👀 观察阶段随机动作: 1 (ε=1.0)
2025-07-06 00:53:10,026 - INFO - ⏱️  TIMESTEP 1400 / FRAME 2800 / STATE observe / EPSILON 1.0000 / ACTION 0 / REWARD 0.1 / Q_MAX 0.0000 / LR 2.00e-04
2025-07-06 00:53:10,027 - INFO - 👀 观察阶段随机动作: 0 (ε=1.0)
2025-07-06 00:53:11,324 - INFO - ⏱️  TIMESTEP 1500 / FRAME 3000 / STATE observe / EPSILON 1.0000 / ACTION 1 / REWARD 0.1 / Q_MAX 0.0000 / LR 2.00e-04
2025-07-06 00:53:11,325 - INFO - 👀 观察阶段随机动作: 1 (ε=1.0)
2025-07-06 00:53:12,624 - INFO - ⏱️  TIMESTEP 1600 / FRAME 3200 / STATE observe / EPSILON 1.0000 / ACTION 1 / REWARD 0.1 / Q_MAX 0.0000 / LR 2.00e-04
2025-07-06 00:53:12,626 - INFO - 👀 观察阶段随机动作: 0 (ε=1.0)
2025-07-06 00:53:13,935 - INFO - ⏱️  TIMESTEP 1700 / FRAME 3400 / STATE observe / EPSILON 1.0000 / ACTION 1 / REWARD 0.1 / Q_MAX 0.0000 / LR 2.00e-04
2025-07-06 00:53:13,936 - INFO - 👀 观察阶段随机动作: 0 (ε=1.0)
2025-07-06 00:53:15,233 - INFO - ⏱️  TIMESTEP 1800 / FRAME 3600 / STATE observe / EPSILON 1.0000 / ACTION 0 / REWARD 0.1 / Q_MAX 0.0000 / LR 2.00e-04
2025-07-06 00:53:15,235 - INFO - 👀 观察阶段随机动作: 1 (ε=1.0)
2025-07-06 00:53:16,533 - INFO - ⏱️  TIMESTEP 1900 / FRAME 3800 / STATE observe / EPSILON 1.0000 / ACTION 1 / REWARD 0.1 / Q_MAX 0.0000 / LR 2.00e-04
2025-07-06 00:53:16,535 - INFO - 👀 观察阶段随机动作: 0 (ε=1.0)
2025-07-06 00:53:17,847 - INFO - ⏱️  TIMESTEP 2000 / FRAME 4000 / STATE observe / EPSILON 1.0000 / ACTION 0 / REWARD 0.1 / Q_MAX 0.0000 / LR 2.00e-04
2025-07-06 00:53:17,848 - INFO - 📊 统计: 经验池大小=1462, 探索率=1.0000, 平均损失=0.000000
2025-07-06 00:53:17,848 - INFO - 🖥️  GPU内存: 8.4 MB / 22.0 MB / 4.0 GB
2025-07-06 00:53:17,848 - INFO - --------------------------------------------------
2025-07-06 00:53:17,849 - INFO - 👀 观察阶段随机动作: 0 (ε=1.0)
